                                      1 ;--------------------------------------------------------
                                      2 ; File Created by SDCC : free open source ANSI-C Compiler
                                      3 ; Version 4.0.0 #11528 (Mac OS X x86_64)
                                      4 ;--------------------------------------------------------
                                      5 	.module cooperative
                                      6 	.optsdcc -mmcs51 --model-small
                                      7 	
                                      8 ;--------------------------------------------------------
                                      9 ; Public variables in this module
                                     10 ;--------------------------------------------------------
                                     11 	.globl _Bootstrap
                                     12 	.globl _main
                                     13 	.globl _CY
                                     14 	.globl _AC
                                     15 	.globl _F0
                                     16 	.globl _RS1
                                     17 	.globl _RS0
                                     18 	.globl _OV
                                     19 	.globl _F1
                                     20 	.globl _P
                                     21 	.globl _PS
                                     22 	.globl _PT1
                                     23 	.globl _PX1
                                     24 	.globl _PT0
                                     25 	.globl _PX0
                                     26 	.globl _RD
                                     27 	.globl _WR
                                     28 	.globl _T1
                                     29 	.globl _T0
                                     30 	.globl _INT1
                                     31 	.globl _INT0
                                     32 	.globl _TXD
                                     33 	.globl _RXD
                                     34 	.globl _P3_7
                                     35 	.globl _P3_6
                                     36 	.globl _P3_5
                                     37 	.globl _P3_4
                                     38 	.globl _P3_3
                                     39 	.globl _P3_2
                                     40 	.globl _P3_1
                                     41 	.globl _P3_0
                                     42 	.globl _EA
                                     43 	.globl _ES
                                     44 	.globl _ET1
                                     45 	.globl _EX1
                                     46 	.globl _ET0
                                     47 	.globl _EX0
                                     48 	.globl _P2_7
                                     49 	.globl _P2_6
                                     50 	.globl _P2_5
                                     51 	.globl _P2_4
                                     52 	.globl _P2_3
                                     53 	.globl _P2_2
                                     54 	.globl _P2_1
                                     55 	.globl _P2_0
                                     56 	.globl _SM0
                                     57 	.globl _SM1
                                     58 	.globl _SM2
                                     59 	.globl _REN
                                     60 	.globl _TB8
                                     61 	.globl _RB8
                                     62 	.globl _TI
                                     63 	.globl _RI
                                     64 	.globl _P1_7
                                     65 	.globl _P1_6
                                     66 	.globl _P1_5
                                     67 	.globl _P1_4
                                     68 	.globl _P1_3
                                     69 	.globl _P1_2
                                     70 	.globl _P1_1
                                     71 	.globl _P1_0
                                     72 	.globl _TF1
                                     73 	.globl _TR1
                                     74 	.globl _TF0
                                     75 	.globl _TR0
                                     76 	.globl _IE1
                                     77 	.globl _IT1
                                     78 	.globl _IE0
                                     79 	.globl _IT0
                                     80 	.globl _P0_7
                                     81 	.globl _P0_6
                                     82 	.globl _P0_5
                                     83 	.globl _P0_4
                                     84 	.globl _P0_3
                                     85 	.globl _P0_2
                                     86 	.globl _P0_1
                                     87 	.globl _P0_0
                                     88 	.globl _B
                                     89 	.globl _ACC
                                     90 	.globl _PSW
                                     91 	.globl _IP
                                     92 	.globl _P3
                                     93 	.globl _IE
                                     94 	.globl _P2
                                     95 	.globl _SBUF
                                     96 	.globl _SCON
                                     97 	.globl _P1
                                     98 	.globl _TH1
                                     99 	.globl _TH0
                                    100 	.globl _TL1
                                    101 	.globl _TL0
                                    102 	.globl _TMOD
                                    103 	.globl _TCON
                                    104 	.globl _PCON
                                    105 	.globl _DPH
                                    106 	.globl _DPL
                                    107 	.globl _SP
                                    108 	.globl _P0
                                    109 	.globl _isAlive
                                    110 	.globl _tmp2
                                    111 	.globl _tmp
                                    112 	.globl _i
                                    113 	.globl _newThread
                                    114 	.globl _mask
                                    115 	.globl _curThread
                                    116 	.globl _savedSP
                                    117 	.globl _ThreadCreate
                                    118 	.globl _ThreadYield
                                    119 	.globl _ThreadExit
                                    120 ;--------------------------------------------------------
                                    121 ; special function registers
                                    122 ;--------------------------------------------------------
                                    123 	.area RSEG    (ABS,DATA)
      000000                        124 	.org 0x0000
                           000080   125 _P0	=	0x0080
                           000081   126 _SP	=	0x0081
                           000082   127 _DPL	=	0x0082
                           000083   128 _DPH	=	0x0083
                           000087   129 _PCON	=	0x0087
                           000088   130 _TCON	=	0x0088
                           000089   131 _TMOD	=	0x0089
                           00008A   132 _TL0	=	0x008a
                           00008B   133 _TL1	=	0x008b
                           00008C   134 _TH0	=	0x008c
                           00008D   135 _TH1	=	0x008d
                           000090   136 _P1	=	0x0090
                           000098   137 _SCON	=	0x0098
                           000099   138 _SBUF	=	0x0099
                           0000A0   139 _P2	=	0x00a0
                           0000A8   140 _IE	=	0x00a8
                           0000B0   141 _P3	=	0x00b0
                           0000B8   142 _IP	=	0x00b8
                           0000D0   143 _PSW	=	0x00d0
                           0000E0   144 _ACC	=	0x00e0
                           0000F0   145 _B	=	0x00f0
                                    146 ;--------------------------------------------------------
                                    147 ; special function bits
                                    148 ;--------------------------------------------------------
                                    149 	.area RSEG    (ABS,DATA)
      000000                        150 	.org 0x0000
                           000080   151 _P0_0	=	0x0080
                           000081   152 _P0_1	=	0x0081
                           000082   153 _P0_2	=	0x0082
                           000083   154 _P0_3	=	0x0083
                           000084   155 _P0_4	=	0x0084
                           000085   156 _P0_5	=	0x0085
                           000086   157 _P0_6	=	0x0086
                           000087   158 _P0_7	=	0x0087
                           000088   159 _IT0	=	0x0088
                           000089   160 _IE0	=	0x0089
                           00008A   161 _IT1	=	0x008a
                           00008B   162 _IE1	=	0x008b
                           00008C   163 _TR0	=	0x008c
                           00008D   164 _TF0	=	0x008d
                           00008E   165 _TR1	=	0x008e
                           00008F   166 _TF1	=	0x008f
                           000090   167 _P1_0	=	0x0090
                           000091   168 _P1_1	=	0x0091
                           000092   169 _P1_2	=	0x0092
                           000093   170 _P1_3	=	0x0093
                           000094   171 _P1_4	=	0x0094
                           000095   172 _P1_5	=	0x0095
                           000096   173 _P1_6	=	0x0096
                           000097   174 _P1_7	=	0x0097
                           000098   175 _RI	=	0x0098
                           000099   176 _TI	=	0x0099
                           00009A   177 _RB8	=	0x009a
                           00009B   178 _TB8	=	0x009b
                           00009C   179 _REN	=	0x009c
                           00009D   180 _SM2	=	0x009d
                           00009E   181 _SM1	=	0x009e
                           00009F   182 _SM0	=	0x009f
                           0000A0   183 _P2_0	=	0x00a0
                           0000A1   184 _P2_1	=	0x00a1
                           0000A2   185 _P2_2	=	0x00a2
                           0000A3   186 _P2_3	=	0x00a3
                           0000A4   187 _P2_4	=	0x00a4
                           0000A5   188 _P2_5	=	0x00a5
                           0000A6   189 _P2_6	=	0x00a6
                           0000A7   190 _P2_7	=	0x00a7
                           0000A8   191 _EX0	=	0x00a8
                           0000A9   192 _ET0	=	0x00a9
                           0000AA   193 _EX1	=	0x00aa
                           0000AB   194 _ET1	=	0x00ab
                           0000AC   195 _ES	=	0x00ac
                           0000AF   196 _EA	=	0x00af
                           0000B0   197 _P3_0	=	0x00b0
                           0000B1   198 _P3_1	=	0x00b1
                           0000B2   199 _P3_2	=	0x00b2
                           0000B3   200 _P3_3	=	0x00b3
                           0000B4   201 _P3_4	=	0x00b4
                           0000B5   202 _P3_5	=	0x00b5
                           0000B6   203 _P3_6	=	0x00b6
                           0000B7   204 _P3_7	=	0x00b7
                           0000B0   205 _RXD	=	0x00b0
                           0000B1   206 _TXD	=	0x00b1
                           0000B2   207 _INT0	=	0x00b2
                           0000B3   208 _INT1	=	0x00b3
                           0000B4   209 _T0	=	0x00b4
                           0000B5   210 _T1	=	0x00b5
                           0000B6   211 _WR	=	0x00b6
                           0000B7   212 _RD	=	0x00b7
                           0000B8   213 _PX0	=	0x00b8
                           0000B9   214 _PT0	=	0x00b9
                           0000BA   215 _PX1	=	0x00ba
                           0000BB   216 _PT1	=	0x00bb
                           0000BC   217 _PS	=	0x00bc
                           0000D0   218 _P	=	0x00d0
                           0000D1   219 _F1	=	0x00d1
                           0000D2   220 _OV	=	0x00d2
                           0000D3   221 _RS0	=	0x00d3
                           0000D4   222 _RS1	=	0x00d4
                           0000D5   223 _F0	=	0x00d5
                           0000D6   224 _AC	=	0x00d6
                           0000D7   225 _CY	=	0x00d7
                                    226 ;--------------------------------------------------------
                                    227 ; overlayable register banks
                                    228 ;--------------------------------------------------------
                                    229 	.area REG_BANK_0	(REL,OVR,DATA)
      000000                        230 	.ds 8
                                    231 ;--------------------------------------------------------
                                    232 ; internal ram data
                                    233 ;--------------------------------------------------------
                                    234 	.area DSEG    (DATA)
                           000030   235 _savedSP	=	0x0030
                           000034   236 _curThread	=	0x0034
                           000035   237 _mask	=	0x0035
                           000036   238 _newThread	=	0x0036
                           000037   239 _i	=	0x0037
                           000038   240 _tmp	=	0x0038
                           000039   241 _tmp2	=	0x0039
                           00003A   242 _isAlive	=	0x003a
                                    243 ;--------------------------------------------------------
                                    244 ; overlayable items in internal ram 
                                    245 ;--------------------------------------------------------
                                    246 	.area	OSEG    (OVR,DATA)
                                    247 ;--------------------------------------------------------
                                    248 ; indirectly addressable internal ram data
                                    249 ;--------------------------------------------------------
                                    250 	.area ISEG    (DATA)
                                    251 ;--------------------------------------------------------
                                    252 ; absolute internal ram data
                                    253 ;--------------------------------------------------------
                                    254 	.area IABS    (ABS,DATA)
                                    255 	.area IABS    (ABS,DATA)
                                    256 ;--------------------------------------------------------
                                    257 ; bit data
                                    258 ;--------------------------------------------------------
                                    259 	.area BSEG    (BIT)
                                    260 ;--------------------------------------------------------
                                    261 ; paged external ram data
                                    262 ;--------------------------------------------------------
                                    263 	.area PSEG    (PAG,XDATA)
                                    264 ;--------------------------------------------------------
                                    265 ; external ram data
                                    266 ;--------------------------------------------------------
                                    267 	.area XSEG    (XDATA)
                                    268 ;--------------------------------------------------------
                                    269 ; absolute external ram data
                                    270 ;--------------------------------------------------------
                                    271 	.area XABS    (ABS,XDATA)
                                    272 ;--------------------------------------------------------
                                    273 ; external initialized ram data
                                    274 ;--------------------------------------------------------
                                    275 	.area XISEG   (XDATA)
                                    276 	.area HOME    (CODE)
                                    277 	.area GSINIT0 (CODE)
                                    278 	.area GSINIT1 (CODE)
                                    279 	.area GSINIT2 (CODE)
                                    280 	.area GSINIT3 (CODE)
                                    281 	.area GSINIT4 (CODE)
                                    282 	.area GSINIT5 (CODE)
                                    283 	.area GSINIT  (CODE)
                                    284 	.area GSFINAL (CODE)
                                    285 	.area CSEG    (CODE)
                                    286 ;--------------------------------------------------------
                                    287 ; global & static initialisations
                                    288 ;--------------------------------------------------------
                                    289 	.area HOME    (CODE)
                                    290 	.area GSINIT  (CODE)
                                    291 	.area GSFINAL (CODE)
                                    292 	.area GSINIT  (CODE)
                                    293 ;--------------------------------------------------------
                                    294 ; Home
                                    295 ;--------------------------------------------------------
                                    296 	.area HOME    (CODE)
                                    297 	.area HOME    (CODE)
                                    298 ;--------------------------------------------------------
                                    299 ; code
                                    300 ;--------------------------------------------------------
                                    301 	.area CSEG    (CODE)
                                    302 ;------------------------------------------------------------
                                    303 ;Allocation info for local variables in function 'Bootstrap'
                                    304 ;------------------------------------------------------------
                                    305 ;	cooperative.c:80: void Bootstrap(void) {
                                    306 ;	-----------------------------------------
                                    307 ;	 function Bootstrap
                                    308 ;	-----------------------------------------
      000000                        309 _Bootstrap:
                           000007   310 	ar7 = 0x07
                           000006   311 	ar6 = 0x06
                           000005   312 	ar5 = 0x05
                           000004   313 	ar4 = 0x04
                           000003   314 	ar3 = 0x03
                           000002   315 	ar2 = 0x02
                           000001   316 	ar1 = 0x01
                           000000   317 	ar0 = 0x00
                                    318 ;	cooperative.c:93: mask = 0b0000;
      000000 75 35 00         [24]  319 	mov	_mask,#0x00
                                    320 ;	cooperative.c:94: isAlive[0] = 0b0001; 
      000003 75 3A 01         [24]  321 	mov	_isAlive,#0x01
                                    322 ;	cooperative.c:95: isAlive[1] = 0b0010; 
      000006 75 3B 02         [24]  323 	mov	(_isAlive + 0x0001),#0x02
                                    324 ;	cooperative.c:96: isAlive[2] = 0b0100; 
      000009 75 3C 04         [24]  325 	mov	(_isAlive + 0x0002),#0x04
                                    326 ;	cooperative.c:97: isAlive[3] = 0b1000;
      00000C 75 3D 08         [24]  327 	mov	(_isAlive + 0x0003),#0x08
                                    328 ;	cooperative.c:98: curThread = ThreadCreate(main);
      00000F 90r00r00         [24]  329 	mov	dptr,#_main
      000012 12r00r2A         [24]  330 	lcall	_ThreadCreate
      000015 85 82 34         [24]  331 	mov	_curThread,dpl
                                    332 ;	cooperative.c:99: RESTORESTATE;
      000018 E5 34            [12]  333 	mov	a,_curThread
      00001A 24 30            [12]  334 	add	a,#_savedSP
      00001C F9               [12]  335 	mov	r1,a
      00001D 87 81            [24]  336 	mov	_SP,@r1
      00001F D0 D0            [24]  337 	pop PSW 
      000021 D0 83            [24]  338 	pop DPH 
      000023 D0 82            [24]  339 	pop DPL 
      000025 D0 F0            [24]  340 	pop B 
      000027 D0 E0            [24]  341 	pop ACC 
                                    342 ;	cooperative.c:100: }
      000029 22               [24]  343 	ret
                                    344 ;------------------------------------------------------------
                                    345 ;Allocation info for local variables in function 'ThreadCreate'
                                    346 ;------------------------------------------------------------
                                    347 ;fp                        Allocated to registers 
                                    348 ;------------------------------------------------------------
                                    349 ;	cooperative.c:108: ThreadID ThreadCreate(FunctionPtr fp) {
                                    350 ;	-----------------------------------------
                                    351 ;	 function ThreadCreate
                                    352 ;	-----------------------------------------
      00002A                        353 _ThreadCreate:
                                    354 ;	cooperative.c:114: if(mask == 0b1111) return -1;
      00002A 74 0F            [12]  355 	mov	a,#0x0f
      00002C B5 35 04         [24]  356 	cjne	a,_mask,00102$
      00002F 75 82 FF         [24]  357 	mov	dpl,#0xff
      000032 22               [24]  358 	ret
      000033                        359 00102$:
                                    360 ;	cooperative.c:159: for(i=0; i<MAXTHREADS; i++) {
      000033 75 37 00         [24]  361 	mov	_i,#0x00
      000036                        362 00107$:
      000036 74 FC            [12]  363 	mov	a,#0x100 - 0x04
      000038 25 37            [12]  364 	add	a,_i
      00003A 40 44            [24]  365 	jc	00105$
                                    366 ;	cooperative.c:160: if(((mask) & (0b0001<<i)) == 0) {
      00003C AF 37            [24]  367 	mov	r7,_i
      00003E 8F F0            [24]  368 	mov	b,r7
      000040 05 F0            [12]  369 	inc	b
      000042 7F 01            [12]  370 	mov	r7,#0x01
      000044 7E 00            [12]  371 	mov	r6,#0x00
      000046 80 06            [24]  372 	sjmp	00131$
      000048                        373 00130$:
      000048 EF               [12]  374 	mov	a,r7
      000049 2F               [12]  375 	add	a,r7
      00004A FF               [12]  376 	mov	r7,a
      00004B EE               [12]  377 	mov	a,r6
      00004C 33               [12]  378 	rlc	a
      00004D FE               [12]  379 	mov	r6,a
      00004E                        380 00131$:
      00004E D5 F0 F7         [24]  381 	djnz	b,00130$
      000051 AC 35            [24]  382 	mov	r4,_mask
      000053 7D 00            [12]  383 	mov	r5,#0x00
      000055 EC               [12]  384 	mov	a,r4
      000056 52 07            [12]  385 	anl	ar7,a
      000058 ED               [12]  386 	mov	a,r5
      000059 52 06            [12]  387 	anl	ar6,a
      00005B EF               [12]  388 	mov	a,r7
      00005C 4E               [12]  389 	orl	a,r6
      00005D 70 1A            [24]  390 	jnz	00108$
                                    391 ;	cooperative.c:161: mask |= (0b0001<<i);
      00005F AF 37            [24]  392 	mov	r7,_i
      000061 8F F0            [24]  393 	mov	b,r7
      000063 05 F0            [12]  394 	inc	b
      000065 74 01            [12]  395 	mov	a,#0x01
      000067 80 02            [24]  396 	sjmp	00135$
      000069                        397 00133$:
      000069 25 E0            [12]  398 	add	a,acc
      00006B                        399 00135$:
      00006B D5 F0 FB         [24]  400 	djnz	b,00133$
      00006E FF               [12]  401 	mov	r7,a
      00006F AE 35            [24]  402 	mov	r6,_mask
      000071 4E               [12]  403 	orl	a,r6
      000072 F5 35            [12]  404 	mov	_mask,a
                                    405 ;	cooperative.c:162: newThread = i;
      000074 85 37 36         [24]  406 	mov	_newThread,_i
                                    407 ;	cooperative.c:163: break;
      000077 80 07            [24]  408 	sjmp	00105$
      000079                        409 00108$:
                                    410 ;	cooperative.c:159: for(i=0; i<MAXTHREADS; i++) {
      000079 E5 37            [12]  411 	mov	a,_i
      00007B 04               [12]  412 	inc	a
      00007C F5 37            [12]  413 	mov	_i,a
      00007E 80 B6            [24]  414 	sjmp	00107$
      000080                        415 00105$:
                                    416 ;	cooperative.c:168: tmp = SP;
      000080 85 81 38         [24]  417 	mov	_tmp,_SP
                                    418 ;	cooperative.c:169: SP = 0x3F + (i<<4);
      000083 E5 37            [12]  419 	mov	a,_i
      000085 C4               [12]  420 	swap	a
      000086 54 F0            [12]  421 	anl	a,#0xf0
      000088 FF               [12]  422 	mov	r7,a
      000089 24 3F            [12]  423 	add	a,#0x3f
      00008B F5 81            [12]  424 	mov	_SP,a
                                    425 ;	cooperative.c:180: __endasm;
      00008D C0 82            [24]  426 	push	DPL
      00008F C0 83            [24]  427 	push	DPH
      000091 74 00            [12]  428 	mov	A, #0
      000093 C0 E0            [24]  429 	push	A
      000095 C0 E0            [24]  430 	push	A
      000097 C0 E0            [24]  431 	push	A
      000099 C0 E0            [24]  432 	push	A
                                    433 ;	cooperative.c:188: tmp2 = (i<<3);
      00009B E5 37            [12]  434 	mov	a,_i
      00009D FF               [12]  435 	mov	r7,a
      00009E C4               [12]  436 	swap	a
      00009F 03               [12]  437 	rr	a
      0000A0 54 F8            [12]  438 	anl	a,#0xf8
      0000A2 F5 39            [12]  439 	mov	_tmp2,a
                                    440 ;	cooperative.c:192: __endasm;
      0000A4 C0 39            [24]  441 	push	_tmp2
                                    442 ;	cooperative.c:195: savedSP[newThread] = SP;
      0000A6 E5 36            [12]  443 	mov	a,_newThread
      0000A8 24 30            [12]  444 	add	a,#_savedSP
      0000AA F8               [12]  445 	mov	r0,a
      0000AB A6 81            [24]  446 	mov	@r0,_SP
                                    447 ;	cooperative.c:196: SP = tmp;
      0000AD 85 38 81         [24]  448 	mov	_SP,_tmp
                                    449 ;	cooperative.c:197: return newThread;
      0000B0 85 36 82         [24]  450 	mov	dpl,_newThread
                                    451 ;	cooperative.c:198: }
      0000B3 22               [24]  452 	ret
                                    453 ;------------------------------------------------------------
                                    454 ;Allocation info for local variables in function 'ThreadYield'
                                    455 ;------------------------------------------------------------
                                    456 ;	cooperative.c:206: void ThreadYield(void) {
                                    457 ;	-----------------------------------------
                                    458 ;	 function ThreadYield
                                    459 ;	-----------------------------------------
      0000B4                        460 _ThreadYield:
                                    461 ;	cooperative.c:207: SAVESTATE;
      0000B4 C0 E0            [24]  462 	push ACC 
      0000B6 C0 F0            [24]  463 	push B 
      0000B8 C0 82            [24]  464 	push DPL 
      0000BA C0 83            [24]  465 	push DPH 
      0000BC C0 D0            [24]  466 	push PSW 
      0000BE E5 34            [12]  467 	mov	a,_curThread
      0000C0 24 30            [12]  468 	add	a,#_savedSP
      0000C2 F8               [12]  469 	mov	r0,a
      0000C3 A6 81            [24]  470 	mov	@r0,_SP
                                    471 ;	cooperative.c:208: do {
      0000C5                        472 00103$:
                                    473 ;	cooperative.c:218: curThread = (curThread == MAXTHREADS-1) ? 0 : curThread+1;
      0000C5 74 03            [12]  474 	mov	a,#0x03
      0000C7 B5 34 06         [24]  475 	cjne	a,_curThread,00108$
      0000CA 7E 00            [12]  476 	mov	r6,#0x00
      0000CC 7F 00            [12]  477 	mov	r7,#0x00
      0000CE 80 09            [24]  478 	sjmp	00109$
      0000D0                        479 00108$:
      0000D0 AD 34            [24]  480 	mov	r5,_curThread
      0000D2 0D               [12]  481 	inc	r5
      0000D3 ED               [12]  482 	mov	a,r5
      0000D4 FE               [12]  483 	mov	r6,a
      0000D5 33               [12]  484 	rlc	a
      0000D6 95 E0            [12]  485 	subb	a,acc
      0000D8 FF               [12]  486 	mov	r7,a
      0000D9                        487 00109$:
      0000D9 8E 34            [24]  488 	mov	_curThread,r6
                                    489 ;	cooperative.c:219: if(mask & isAlive[curThread]) break;
      0000DB E5 34            [12]  490 	mov	a,_curThread
      0000DD 24 3A            [12]  491 	add	a,#_isAlive
      0000DF F9               [12]  492 	mov	r1,a
      0000E0 E7               [12]  493 	mov	a,@r1
      0000E1 FF               [12]  494 	mov	r7,a
      0000E2 55 35            [12]  495 	anl	a,_mask
      0000E4 60 DF            [24]  496 	jz	00103$
                                    497 ;	cooperative.c:221: RESTORESTATE;
      0000E6 E5 34            [12]  498 	mov	a,_curThread
      0000E8 24 30            [12]  499 	add	a,#_savedSP
      0000EA F9               [12]  500 	mov	r1,a
      0000EB 87 81            [24]  501 	mov	_SP,@r1
      0000ED D0 D0            [24]  502 	pop PSW 
      0000EF D0 83            [24]  503 	pop DPH 
      0000F1 D0 82            [24]  504 	pop DPL 
      0000F3 D0 F0            [24]  505 	pop B 
      0000F5 D0 E0            [24]  506 	pop ACC 
                                    507 ;	cooperative.c:222: }
      0000F7 22               [24]  508 	ret
                                    509 ;------------------------------------------------------------
                                    510 ;Allocation info for local variables in function 'ThreadExit'
                                    511 ;------------------------------------------------------------
                                    512 ;	cooperative.c:229: void ThreadExit(void) {
                                    513 ;	-----------------------------------------
                                    514 ;	 function ThreadExit
                                    515 ;	-----------------------------------------
      0000F8                        516 _ThreadExit:
                                    517 ;	cooperative.c:236: mask &= ~(1<<curThread);
      0000F8 AF 34            [24]  518 	mov	r7,_curThread
      0000FA 8F F0            [24]  519 	mov	b,r7
      0000FC 05 F0            [12]  520 	inc	b
      0000FE 74 01            [12]  521 	mov	a,#0x01
      000100 80 02            [24]  522 	sjmp	00124$
      000102                        523 00122$:
      000102 25 E0            [12]  524 	add	a,acc
      000104                        525 00124$:
      000104 D5 F0 FB         [24]  526 	djnz	b,00122$
      000107 F4               [12]  527 	cpl	a
      000108 FF               [12]  528 	mov	r7,a
      000109 AE 35            [24]  529 	mov	r6,_mask
      00010B 5E               [12]  530 	anl	a,r6
      00010C F5 35            [12]  531 	mov	_mask,a
                                    532 ;	cooperative.c:237: do {
      00010E                        533 00103$:
                                    534 ;	cooperative.c:238: curThread = (curThread == 3) ? 0 : curThread+1;
      00010E 74 03            [12]  535 	mov	a,#0x03
      000110 B5 34 06         [24]  536 	cjne	a,_curThread,00108$
      000113 7E 00            [12]  537 	mov	r6,#0x00
      000115 7F 00            [12]  538 	mov	r7,#0x00
      000117 80 09            [24]  539 	sjmp	00109$
      000119                        540 00108$:
      000119 AD 34            [24]  541 	mov	r5,_curThread
      00011B 0D               [12]  542 	inc	r5
      00011C ED               [12]  543 	mov	a,r5
      00011D FE               [12]  544 	mov	r6,a
      00011E 33               [12]  545 	rlc	a
      00011F 95 E0            [12]  546 	subb	a,acc
      000121 FF               [12]  547 	mov	r7,a
      000122                        548 00109$:
      000122 8E 34            [24]  549 	mov	_curThread,r6
                                    550 ;	cooperative.c:239: if(mask & (1<<curThread)) break;
      000124 AF 34            [24]  551 	mov	r7,_curThread
      000126 8F F0            [24]  552 	mov	b,r7
      000128 05 F0            [12]  553 	inc	b
      00012A 7F 01            [12]  554 	mov	r7,#0x01
      00012C 7E 00            [12]  555 	mov	r6,#0x00
      00012E 80 06            [24]  556 	sjmp	00128$
      000130                        557 00127$:
      000130 EF               [12]  558 	mov	a,r7
      000131 2F               [12]  559 	add	a,r7
      000132 FF               [12]  560 	mov	r7,a
      000133 EE               [12]  561 	mov	a,r6
      000134 33               [12]  562 	rlc	a
      000135 FE               [12]  563 	mov	r6,a
      000136                        564 00128$:
      000136 D5 F0 F7         [24]  565 	djnz	b,00127$
      000139 AC 35            [24]  566 	mov	r4,_mask
      00013B 7D 00            [12]  567 	mov	r5,#0x00
      00013D EC               [12]  568 	mov	a,r4
      00013E 52 07            [12]  569 	anl	ar7,a
      000140 ED               [12]  570 	mov	a,r5
      000141 52 06            [12]  571 	anl	ar6,a
      000143 EF               [12]  572 	mov	a,r7
      000144 4E               [12]  573 	orl	a,r6
      000145 60 C7            [24]  574 	jz	00103$
                                    575 ;	cooperative.c:241: RESTORESTATE;
      000147 E5 34            [12]  576 	mov	a,_curThread
      000149 24 30            [12]  577 	add	a,#_savedSP
      00014B F9               [12]  578 	mov	r1,a
      00014C 87 81            [24]  579 	mov	_SP,@r1
      00014E D0 D0            [24]  580 	pop PSW 
      000150 D0 83            [24]  581 	pop DPH 
      000152 D0 82            [24]  582 	pop DPL 
      000154 D0 F0            [24]  583 	pop B 
      000156 D0 E0            [24]  584 	pop ACC 
                                    585 ;	cooperative.c:242: }
      000158 22               [24]  586 	ret
                                    587 	.area CSEG    (CODE)
                                    588 	.area CONST   (CODE)
                                    589 	.area XINIT   (CODE)
                                    590 	.area CABS    (ABS,CODE)
